<?xml version="1.0" encoding="UTF-8"?>
<!-- Generated by org.testng.reporters.JUnitXMLReporter -->
<testsuite hostname="DESKTOP-M6MA1OQ" ignored="0" name="Create Account Test" tests="1" failures="1" timestamp="2020-06-25T12:17:16 IST" time="30.098" errors="0">
  <testcase name="createAccountTest" time="29.38" classname="com.kmv.testcases.CreateAccountTest">
    <failure type="java.lang.AssertionError" message="Create account test failed...">
      <![CDATA[java.lang.AssertionError: Create account test failed...
at com.kmv.testcases.CreateAccountTest.createAccountTest(CreateAccountTest.java:26)
at java.util.ArrayList.forEach(ArrayList.java:1249)
... Removed 31 stack frames]]>
    </failure>
  </testcase> <!-- createAccountTest -->
</testsuite> <!-- Create Account Test -->
